<?xml version="1.0" encoding="UTF-8"?>
<testsuite xmlns:xsi="http://www.w3.org/2001/XMLSchema-instance" xsi:noNamespaceSchemaLocation="https://maven.apache.org/surefire/maven-surefire-plugin/xsd/surefire-test-report.xsd" name="Sudoku.SudokuSolverTest" time="0.442" tests="3" errors="0" skipped="0" failures="0">
  <properties>
[...]
</properties>
  <testcase name="validLine" classname="Sudoku.SudokuSolverTest" time="0.24"/>
  <testcase name="validMatrice" classname="Sudoku.SudokuSolverTest" time="0.083"/>
  <testcase name="validColumn" classname="Sudoku.SudokuSolverTest" time="0.055"/>
</testsuite>